This file contains any messages produced by compilers while
running configure, to aid debugging if configure makes a mistake.

It was created by saga configure 7.2.0, which was
generated by GNU Autoconf 2.69.  Invocation command line was

  $ ./configure 

## --------- ##
## Platform. ##
## --------- ##

hostname = kipling-X541UJ
uname -m = x86_64
uname -r = 4.18.0-18-generic
uname -s = Linux
uname -v = #19-Ubuntu SMP Tue Apr 2 18:13:16 UTC 2019

/usr/bin/uname -p = unknown
/bin/uname -X     = unknown

/bin/arch              = unknown
/usr/bin/arch -k       = unknown
/usr/convex/getsysinfo = unknown
/usr/bin/hostinfo      = unknown
/bin/machine           = unknown
/usr/bin/oslevel       = unknown
/bin/universe          = unknown

PATH: /home/kipling/bin
PATH: /home/kipling/.local/bin
PATH: /usr/local/sbin
PATH: /usr/local/bin
PATH: /usr/sbin
PATH: /usr/bin
PATH: /sbin
PATH: /bin
PATH: /usr/games
PATH: /usr/local/games
PATH: /snap/bin


## ----------- ##
## Core tests. ##
## ----------- ##

configure:2591: checking for a BSD-compatible install
configure:2659: result: /usr/bin/install -c
configure:2670: checking whether build environment is sane
configure:2725: result: yes
configure:2874: checking for a thread-safe mkdir -p
configure:2913: result: /bin/mkdir -p
configure:2920: checking for gawk
configure:2950: result: no
configure:2920: checking for mawk
configure:2936: found /usr/bin/mawk
configure:2947: result: mawk
configure:2958: checking whether make sets $(MAKE)
configure:2980: result: yes
configure:3009: checking whether make supports nested variables
configure:3026: result: yes
configure:3115: checking whether UID '1000' is supported by ustar format
configure:3118: result: yes
configure:3125: checking whether GID '1000' is supported by ustar format
configure:3128: result: yes
configure:3136: checking how to create a ustar tar archive
configure:3147: tar --version
tar (GNU tar) 1.30
Copyright (C) 2017 Free Software Foundation, Inc.
License GPLv3+: GNU GPL version 3 or later <https://gnu.org/licenses/gpl.html>.
This is free software: you are free to change and redistribute it.
There is NO WARRANTY, to the extent permitted by law.

Written by John Gilmore and Jay Fenlason.
configure:3150: $? = 0
configure:3190: tardir=conftest.dir && eval tar --format=ustar -chf - "$tardir" >conftest.tar
configure:3193: $? = 0
configure:3197: tar -xf - <conftest.tar
configure:3200: $? = 0
configure:3202: cat conftest.dir/file
GrepMe
configure:3205: $? = 0
configure:3218: result: gnutar
configure:3329: checking for g++
configure:3345: found /usr/bin/g++
configure:3356: result: g++
configure:3383: checking for C++ compiler version
configure:3392: g++ --version >&5
g++ (Ubuntu 8.2.0-7ubuntu1) 8.2.0
Copyright (C) 2018 Free Software Foundation, Inc.
This is free software; see the source for copying conditions.  There is NO
warranty; not even for MERCHANTABILITY or FITNESS FOR A PARTICULAR PURPOSE.

configure:3403: $? = 0
configure:3392: g++ -v >&5
Using built-in specs.
COLLECT_GCC=g++
COLLECT_LTO_WRAPPER=/usr/lib/gcc/x86_64-linux-gnu/8/lto-wrapper
OFFLOAD_TARGET_NAMES=nvptx-none
OFFLOAD_TARGET_DEFAULT=1
Target: x86_64-linux-gnu
Configured with: ../src/configure -v --with-pkgversion='Ubuntu 8.2.0-7ubuntu1' --with-bugurl=file:///usr/share/doc/gcc-8/README.Bugs --enable-languages=c,ada,c++,go,brig,d,fortran,objc,obj-c++ --prefix=/usr --with-gcc-major-version-only --program-suffix=-8 --program-prefix=x86_64-linux-gnu- --enable-shared --enable-linker-build-id --libexecdir=/usr/lib --without-included-gettext --enable-threads=posix --libdir=/usr/lib --enable-nls --with-sysroot=/ --enable-clocale=gnu --enable-libstdcxx-debug --enable-libstdcxx-time=yes --with-default-libstdcxx-abi=new --enable-gnu-unique-object --disable-vtable-verify --enable-libmpx --enable-plugin --enable-default-pie --with-system-zlib --with-target-system-zlib --enable-objc-gc=auto --enable-multiarch --disable-werror --with-arch-32=i686 --with-abi=m64 --with-multilib-list=m32,m64,mx32 --enable-multilib --with-tune=generic --enable-offload-targets=nvptx-none --without-cuda-driver --enable-checking=release --build=x86_64-linux-gnu --host=x86_64-linux-gnu --target=x86_64-linux-gnu
Thread model: posix
gcc version 8.2.0 (Ubuntu 8.2.0-7ubuntu1) 
configure:3403: $? = 0
configure:3392: g++ -V >&5
g++: error: unrecognized command line option '-V'
g++: fatal error: no input files
compilation terminated.
configure:3403: $? = 1
configure:3392: g++ -qversion >&5
g++: error: unrecognized command line option '-qversion'; did you mean '--version'?
g++: fatal error: no input files
compilation terminated.
configure:3403: $? = 1
configure:3423: checking whether the C++ compiler works
configure:3445: g++    conftest.cpp  >&5
configure:3449: $? = 0
configure:3497: result: yes
configure:3500: checking for C++ compiler default output file name
configure:3502: result: a.out
configure:3508: checking for suffix of executables
configure:3515: g++ -o conftest    conftest.cpp  >&5
configure:3519: $? = 0
configure:3541: result: 
configure:3563: checking whether we are cross compiling
configure:3571: g++ -o conftest    conftest.cpp  >&5
configure:3575: $? = 0
configure:3582: ./conftest
configure:3586: $? = 0
configure:3574: result: no
configure:3579: checking for suffix of object files
configure:3601: g++ -c   conftest.cpp >&5
configure:3605: $? = 0
configure:3626: result: o
configure:3630: checking whether we are using the GNU C++ compiler
configure:3649: g++ -c   conftest.cpp >&5
configure:3649: $? = 0
configure:3658: result: yes
configure:3667: checking whether g++ accepts -g
configure:3687: g++ -c -g  conftest.cpp >&5
configure:3687: $? = 0
configure:3728: result: yes
configure:3762: checking for style of include used by make
configure:3790: result: GNU
configure:3816: checking dependency style of g++
configure:3927: result: gcc3
configure:3990: checking for gcc
configure:4006: found /usr/bin/gcc
configure:4017: result: gcc
configure:4246: checking for C compiler version
configure:4255: gcc --version >&5
gcc (Ubuntu 8.2.0-7ubuntu1) 8.2.0
Copyright (C) 2018 Free Software Foundation, Inc.
This is free software; see the source for copying conditions.  There is NO
warranty; not even for MERCHANTABILITY or FITNESS FOR A PARTICULAR PURPOSE.

configure:4266: $? = 0
configure:4255: gcc -v >&5
Using built-in specs.
COLLECT_GCC=gcc
COLLECT_LTO_WRAPPER=/usr/lib/gcc/x86_64-linux-gnu/8/lto-wrapper
OFFLOAD_TARGET_NAMES=nvptx-none
OFFLOAD_TARGET_DEFAULT=1
Target: x86_64-linux-gnu
Configured with: ../src/configure -v --with-pkgversion='Ubuntu 8.2.0-7ubuntu1' --with-bugurl=file:///usr/share/doc/gcc-8/README.Bugs --enable-languages=c,ada,c++,go,brig,d,fortran,objc,obj-c++ --prefix=/usr --with-gcc-major-version-only --program-suffix=-8 --program-prefix=x86_64-linux-gnu- --enable-shared --enable-linker-build-id --libexecdir=/usr/lib --without-included-gettext --enable-threads=posix --libdir=/usr/lib --enable-nls --with-sysroot=/ --enable-clocale=gnu --enable-libstdcxx-debug --enable-libstdcxx-time=yes --with-default-libstdcxx-abi=new --enable-gnu-unique-object --disable-vtable-verify --enable-libmpx --enable-plugin --enable-default-pie --with-system-zlib --with-target-system-zlib --enable-objc-gc=auto --enable-multiarch --disable-werror --with-arch-32=i686 --with-abi=m64 --with-multilib-list=m32,m64,mx32 --enable-multilib --with-tune=generic --enable-offload-targets=nvptx-none --without-cuda-driver --enable-checking=release --build=x86_64-linux-gnu --host=x86_64-linux-gnu --target=x86_64-linux-gnu
Thread model: posix
gcc version 8.2.0 (Ubuntu 8.2.0-7ubuntu1) 
configure:4266: $? = 0
configure:4255: gcc -V >&5
gcc: error: unrecognized command line option '-V'
gcc: fatal error: no input files
compilation terminated.
configure:4266: $? = 1
configure:4255: gcc -qversion >&5
gcc: error: unrecognized command line option '-qversion'; did you mean '--version'?
gcc: fatal error: no input files
compilation terminated.
configure:4266: $? = 1
configure:4270: checking whether we are using the GNU C compiler
configure:4289: gcc -c   conftest.c >&5
configure:4289: $? = 0
configure:4298: result: yes
configure:4307: checking whether gcc accepts -g
configure:4327: gcc -c -g  conftest.c >&5
configure:4327: $? = 0
configure:4368: result: yes
configure:4385: checking for gcc option to accept ISO C89
configure:4448: gcc  -c -g -O2  conftest.c >&5
configure:4448: $? = 0
configure:4461: result: none needed
configure:4486: checking whether gcc understands -c and -o together
configure:4508: gcc -c conftest.c -o conftest2.o
configure:4511: $? = 0
configure:4508: gcc -c conftest.c -o conftest2.o
configure:4511: $? = 0
configure:4523: result: yes
configure:4542: checking dependency style of gcc
configure:4653: result: gcc3
configure:4698: checking build system type
configure:4712: result: x86_64-pc-linux-gnu
configure:4732: checking host system type
configure:4745: result: x86_64-pc-linux-gnu
configure:4786: checking how to print strings
configure:4813: result: printf
configure:4834: checking for a sed that does not truncate output
configure:4898: result: /bin/sed
configure:4916: checking for grep that handles long lines and -e
configure:4974: result: /bin/grep
configure:4979: checking for egrep
configure:5041: result: /bin/grep -E
configure:5046: checking for fgrep
configure:5108: result: /bin/grep -F
configure:5143: checking for ld used by gcc
configure:5210: result: /usr/bin/ld
configure:5217: checking if the linker (/usr/bin/ld) is GNU ld
configure:5232: result: yes
configure:5244: checking for BSD- or MS-compatible name lister (nm)
configure:5298: result: /usr/bin/nm -B
configure:5428: checking the name lister (/usr/bin/nm -B) interface
configure:5435: gcc -c -g -O2  conftest.c >&5
configure:5438: /usr/bin/nm -B "conftest.o"
configure:5441: output
0000000000000000 B some_variable
configure:5442: result: BSD nm
configure:5445: checking whether ln -s works
configure:5449: result: yes
configure:5457: checking the maximum length of command line arguments
configure:5588: result: 1572864
configure:5636: checking how to convert x86_64-pc-linux-gnu file names to x86_64-pc-linux-gnu format
configure:5676: result: func_convert_file_noop
configure:5683: checking how to convert x86_64-pc-linux-gnu file names to toolchain format
configure:5703: result: func_convert_file_noop
configure:5710: checking for /usr/bin/ld option to reload object files
configure:5717: result: -r
configure:5791: checking for objdump
configure:5807: found /usr/bin/objdump
configure:5818: result: objdump
configure:5850: checking how to recognize dependent libraries
configure:6050: result: pass_all
configure:6135: checking for dlltool
configure:6165: result: no
configure:6195: checking how to associate runtime and link libraries
configure:6222: result: printf %s\n
configure:6283: checking for ar
configure:6299: found /usr/bin/ar
configure:6310: result: ar
configure:6347: checking for archiver @FILE support
configure:6364: gcc -c -g -O2  conftest.c >&5
configure:6364: $? = 0
configure:6367: ar cru libconftest.a @conftest.lst >&5
ar: `u' modifier ignored since `D' is the default (see `U')
configure:6370: $? = 0
configure:6375: ar cru libconftest.a @conftest.lst >&5
ar: `u' modifier ignored since `D' is the default (see `U')
ar: conftest.o: No such file or directory
configure:6378: $? = 1
configure:6377: result: @
configure:6435: checking for strip
configure:6451: found /usr/bin/strip
configure:6462: result: strip
configure:6534: checking for ranlib
configure:6550: found /usr/bin/ranlib
configure:6561: result: ranlib
configure:6663: checking command to parse /usr/bin/nm -B output from gcc object
configure:6816: gcc -c -g -O2  conftest.c >&5
configure:6819: $? = 0
configure:6823: /usr/bin/nm -B conftest.o \| sed -n -e 's/^.*[ ]\([ABCDGIRSTW][ABCDGIRSTW]*\)[ ][ ]*\([_A-Za-z][_A-Za-z0-9]*\)$/\1 \2 \2/p' | sed '/ __gnu_lto/d' \> conftest.nm
configure:6826: $? = 0
configure:6892: gcc -o conftest -g -O2   conftest.c conftstm.o >&5
configure:6895: $? = 0
configure:6933: result: ok
configure:6980: checking for sysroot
configure:7010: result: no
configure:7017: checking for a working dd
configure:7055: result: /bin/dd
configure:7059: checking how to truncate binary pipes
configure:7074: result: /bin/dd bs=4096 count=1
configure:7210: gcc -c -g -O2  conftest.c >&5
configure:7213: $? = 0
configure:7403: checking for mt
configure:7419: found /bin/mt
configure:7430: result: mt
configure:7453: checking if mt is a manifest tool
configure:7459: mt '-?'
configure:7467: result: no
configure:8144: checking how to run the C preprocessor
configure:8175: gcc -E  conftest.c
configure:8175: $? = 0
configure:8189: gcc -E  conftest.c
conftest.c:11:10: fatal error: ac_nonexistent.h: No such file or directory
 #include <ac_nonexistent.h>
          ^~~~~~~~~~~~~~~~~~
compilation terminated.
configure:8189: $? = 1
configure: failed program was:
| /* confdefs.h */
| #define PACKAGE_NAME "saga"
| #define PACKAGE_TARNAME "saga"
| #define PACKAGE_VERSION "7.2.0"
| #define PACKAGE_STRING "saga 7.2.0"
| #define PACKAGE_BUGREPORT "BUG-REPORT-ADDRESS"
| #define PACKAGE_URL ""
| #define PACKAGE "saga"
| #define VERSION "7.2.0"
| /* end confdefs.h.  */
| #include <ac_nonexistent.h>
configure:8214: result: gcc -E
configure:8234: gcc -E  conftest.c
configure:8234: $? = 0
configure:8248: gcc -E  conftest.c
conftest.c:11:10: fatal error: ac_nonexistent.h: No such file or directory
 #include <ac_nonexistent.h>
          ^~~~~~~~~~~~~~~~~~
compilation terminated.
configure:8248: $? = 1
configure: failed program was:
| /* confdefs.h */
| #define PACKAGE_NAME "saga"
| #define PACKAGE_TARNAME "saga"
| #define PACKAGE_VERSION "7.2.0"
| #define PACKAGE_STRING "saga 7.2.0"
| #define PACKAGE_BUGREPORT "BUG-REPORT-ADDRESS"
| #define PACKAGE_URL ""
| #define PACKAGE "saga"
| #define VERSION "7.2.0"
| /* end confdefs.h.  */
| #include <ac_nonexistent.h>
configure:8277: checking for ANSI C header files
configure:8297: gcc -c -g -O2  conftest.c >&5
configure:8297: $? = 0
configure:8370: gcc -o conftest -g -O2   conftest.c  >&5
configure:8370: $? = 0
configure:8370: ./conftest
configure:8370: $? = 0
configure:8381: result: yes
configure:8394: checking for sys/types.h
configure:8394: gcc -c -g -O2  conftest.c >&5
configure:8394: $? = 0
configure:8394: result: yes
configure:8394: checking for sys/stat.h
configure:8394: gcc -c -g -O2  conftest.c >&5
configure:8394: $? = 0
configure:8394: result: yes
configure:8394: checking for stdlib.h
configure:8394: gcc -c -g -O2  conftest.c >&5
configure:8394: $? = 0
configure:8394: result: yes
configure:8394: checking for string.h
configure:8394: gcc -c -g -O2  conftest.c >&5
configure:8394: $? = 0
configure:8394: result: yes
configure:8394: checking for memory.h
configure:8394: gcc -c -g -O2  conftest.c >&5
configure:8394: $? = 0
configure:8394: result: yes
configure:8394: checking for strings.h
configure:8394: gcc -c -g -O2  conftest.c >&5
configure:8394: $? = 0
configure:8394: result: yes
configure:8394: checking for inttypes.h
configure:8394: gcc -c -g -O2  conftest.c >&5
configure:8394: $? = 0
configure:8394: result: yes
configure:8394: checking for stdint.h
configure:8394: gcc -c -g -O2  conftest.c >&5
configure:8394: $? = 0
configure:8394: result: yes
configure:8394: checking for unistd.h
configure:8394: gcc -c -g -O2  conftest.c >&5
configure:8394: $? = 0
configure:8394: result: yes
configure:8408: checking for dlfcn.h
configure:8408: gcc -c -g -O2  conftest.c >&5
configure:8408: $? = 0
configure:8408: result: yes
configure:8675: checking for objdir
configure:8690: result: .libs
configure:8954: checking if gcc supports -fno-rtti -fno-exceptions
configure:8972: gcc -c -g -O2  -fno-rtti -fno-exceptions conftest.c >&5
cc1: warning: command line option '-fno-rtti' is valid for C++/ObjC++ but not for C
configure:8976: $? = 0
configure:8989: result: no
configure:9347: checking for gcc option to produce PIC
configure:9354: result: -fPIC -DPIC
configure:9362: checking if gcc PIC flag -fPIC -DPIC works
configure:9380: gcc -c -g -O2  -fPIC -DPIC -DPIC conftest.c >&5
configure:9384: $? = 0
configure:9397: result: yes
configure:9426: checking if gcc static flag -static works
configure:9454: result: yes
configure:9469: checking if gcc supports -c -o file.o
configure:9490: gcc -c -g -O2  -o out/conftest2.o conftest.c >&5
configure:9494: $? = 0
configure:9516: result: yes
configure:9524: checking if gcc supports -c -o file.o
configure:9571: result: yes
configure:9604: checking whether the gcc linker (/usr/bin/ld -m elf_x86_64) supports shared libraries
configure:10867: result: yes
configure:10904: checking whether -lc should be explicitly linked in
configure:10912: gcc -c -g -O2  conftest.c >&5
configure:10915: $? = 0
configure:10930: gcc -shared  -fPIC -DPIC conftest.o  -v -Wl,-soname -Wl,conftest -o conftest 2\>\&1 \| /bin/grep  -lc  \>/dev/null 2\>\&1
configure:10933: $? = 0
configure:10947: result: no
configure:11107: checking dynamic linker characteristics
configure:11688: gcc -o conftest -g -O2   -Wl,-rpath -Wl,/foo conftest.c  >&5
configure:11688: $? = 0
configure:11937: result: GNU/Linux ld.so
configure:12059: checking how to hardcode library paths into programs
configure:12084: result: immediate
configure:12632: checking whether stripping libraries is possible
configure:12637: result: yes
configure:12672: checking if libtool supports shared libraries
configure:12674: result: yes
configure:12677: checking whether to build shared libraries
configure:12702: result: yes
configure:12705: checking whether to build static libraries
configure:12709: result: yes
configure:9508: checking how to run the C++ preprocessor
configure:9535: g++ -E  conftest.cpp
configure:9535: $? = 0
configure:9549: g++ -E  conftest.cpp
conftest.cpp:23:10: fatal error: ac_nonexistent.h: No such file or directory
 #include <ac_nonexistent.h>
          ^~~~~~~~~~~~~~~~~~
compilation terminated.
configure:9549: $? = 1
configure: failed program was:
| /* confdefs.h */
| #define PACKAGE_NAME "saga"
| #define PACKAGE_TARNAME "saga"
| #define PACKAGE_VERSION "7.2.0"
| #define PACKAGE_STRING "saga 7.2.0"
| #define PACKAGE_BUGREPORT "BUG-REPORT-ADDRESS"
| #define PACKAGE_URL ""
| #define PACKAGE "saga"
| #define VERSION "7.2.0"
| #define STDC_HEADERS 1
| #define HAVE_SYS_TYPES_H 1
| #define HAVE_SYS_STAT_H 1
| #define HAVE_STDLIB_H 1
| #define HAVE_STRING_H 1
| #define HAVE_MEMORY_H 1
| #define HAVE_STRINGS_H 1
| #define HAVE_INTTYPES_H 1
| #define HAVE_STDINT_H 1
| #define HAVE_UNISTD_H 1
| #define HAVE_DLFCN_H 1
| #define LT_OBJDIR ".libs/"
| /* end confdefs.h.  */
| #include <ac_nonexistent.h>
configure:9574: result: g++ -E
configure:9594: g++ -E  conftest.cpp
configure:9594: $? = 0
configure:9608: g++ -E  conftest.cpp
conftest.cpp:23:10: fatal error: ac_nonexistent.h: No such file or directory
 #include <ac_nonexistent.h>
          ^~~~~~~~~~~~~~~~~~
compilation terminated.
configure:9608: $? = 1
configure: failed program was:
| /* confdefs.h */
| #define PACKAGE_NAME "saga"
| #define PACKAGE_TARNAME "saga"
| #define PACKAGE_VERSION "7.2.0"
| #define PACKAGE_STRING "saga 7.2.0"
| #define PACKAGE_BUGREPORT "BUG-REPORT-ADDRESS"
| #define PACKAGE_URL ""
| #define PACKAGE "saga"
| #define VERSION "7.2.0"
| #define STDC_HEADERS 1
| #define HAVE_SYS_TYPES_H 1
| #define HAVE_SYS_STAT_H 1
| #define HAVE_STDLIB_H 1
| #define HAVE_STRING_H 1
| #define HAVE_MEMORY_H 1
| #define HAVE_STRINGS_H 1
| #define HAVE_INTTYPES_H 1
| #define HAVE_STDINT_H 1
| #define HAVE_UNISTD_H 1
| #define HAVE_DLFCN_H 1
| #define LT_OBJDIR ".libs/"
| /* end confdefs.h.  */
| #include <ac_nonexistent.h>
configure:9770: checking for ld used by g++
configure:9837: result: /usr/bin/ld -m elf_x86_64
configure:9844: checking if the linker (/usr/bin/ld -m elf_x86_64) is GNU ld
configure:9859: result: yes
configure:9914: checking whether the g++ linker (/usr/bin/ld -m elf_x86_64) supports shared libraries
configure:10987: result: yes
configure:11023: g++ -c -g -O2  conftest.cpp >&5
configure:11026: $? = 0
configure:11507: checking for g++ option to produce PIC
configure:11514: result: -fPIC -DPIC
configure:11522: checking if g++ PIC flag -fPIC -DPIC works
configure:11540: g++ -c -g -O2  -fPIC -DPIC -DPIC conftest.cpp >&5
configure:11544: $? = 0
configure:11557: result: yes
configure:11580: checking if g++ static flag -static works
configure:11608: result: yes
configure:11620: checking if g++ supports -c -o file.o
configure:11641: g++ -c -g -O2  -o out/conftest2.o conftest.cpp >&5
configure:11645: $? = 0
configure:11667: result: yes
configure:11672: checking if g++ supports -c -o file.o
configure:11719: result: yes
configure:11749: checking whether the g++ linker (/usr/bin/ld -m elf_x86_64) supports shared libraries
configure:11792: result: yes
configure:11933: checking dynamic linker characteristics
configure:12690: result: GNU/Linux ld.so
configure:12755: checking how to hardcode library paths into programs
configure:12780: result: immediate
configure:11674: checking for cvGetRows in -lopencv_core
configure:11699: gcc -o conftest -g -O2   conftest.c -lopencv_core   >&5
/usr/bin/ld: cannot find -lopencv_core
collect2: error: ld returned 1 exit status
configure:11699: $? = 1
configure: failed program was:
| /* confdefs.h */
| #define PACKAGE_NAME "saga"
| #define PACKAGE_TARNAME "saga"
| #define PACKAGE_VERSION "7.2.0"
| #define PACKAGE_STRING "saga 7.2.0"
| #define PACKAGE_BUGREPORT "BUG-REPORT-ADDRESS"
| #define PACKAGE_URL ""
| #define PACKAGE "saga"
| #define VERSION "7.2.0"
| #define STDC_HEADERS 1
| #define HAVE_SYS_TYPES_H 1
| #define HAVE_SYS_STAT_H 1
| #define HAVE_STDLIB_H 1
| #define HAVE_STRING_H 1
| #define HAVE_MEMORY_H 1
| #define HAVE_STRINGS_H 1
| #define HAVE_INTTYPES_H 1
| #define HAVE_STDINT_H 1
| #define HAVE_UNISTD_H 1
| #define HAVE_DLFCN_H 1
| #define LT_OBJDIR ".libs/"
| /* end confdefs.h.  */
| 
| /* Override any GCC internal prototype to avoid an error.
|    Use char because int might match the return type of a GCC
|    builtin and then its argument prototype would still apply.  */
| #ifdef __cplusplus
| extern "C"
| #endif
| char cvGetRows ();
| int
| main ()
| {
| return cvGetRows ();
|   ;
|   return 0;
| }
configure:11708: result: no
configure:11714: checking for Set_Mercator_Coordinates in -lgeotrans
configure:11739: gcc -o conftest -g -O2   conftest.c -lgeotrans   >&5
/usr/bin/ld: cannot find -lgeotrans
collect2: error: ld returned 1 exit status
configure:11739: $? = 1
configure: failed program was:
| /* confdefs.h */
| #define PACKAGE_NAME "saga"
| #define PACKAGE_TARNAME "saga"
| #define PACKAGE_VERSION "7.2.0"
| #define PACKAGE_STRING "saga 7.2.0"
| #define PACKAGE_BUGREPORT "BUG-REPORT-ADDRESS"
| #define PACKAGE_URL ""
| #define PACKAGE "saga"
| #define VERSION "7.2.0"
| #define STDC_HEADERS 1
| #define HAVE_SYS_TYPES_H 1
| #define HAVE_SYS_STAT_H 1
| #define HAVE_STDLIB_H 1
| #define HAVE_STRING_H 1
| #define HAVE_MEMORY_H 1
| #define HAVE_STRINGS_H 1
| #define HAVE_INTTYPES_H 1
| #define HAVE_STDINT_H 1
| #define HAVE_UNISTD_H 1
| #define HAVE_DLFCN_H 1
| #define LT_OBJDIR ".libs/"
| /* end confdefs.h.  */
| 
| /* Override any GCC internal prototype to avoid an error.
|    Use char because int might match the return type of a GCC
|    builtin and then its argument prototype would still apply.  */
| #ifdef __cplusplus
| extern "C"
| #endif
| char Set_Mercator_Coordinates ();
| int
| main ()
| {
| return Set_Mercator_Coordinates ();
|   ;
|   return 0;
| }
configure:11748: result: no
configure:11759: checking for fftw_execute in -lfftw3
configure:11784: gcc -o conftest -g -O2   conftest.c -lfftw3   >&5
/usr/bin/ld: cannot find -lfftw3
collect2: error: ld returned 1 exit status
configure:11784: $? = 1
configure: failed program was:
| /* confdefs.h */
| #define PACKAGE_NAME "saga"
| #define PACKAGE_TARNAME "saga"
| #define PACKAGE_VERSION "7.2.0"
| #define PACKAGE_STRING "saga 7.2.0"
| #define PACKAGE_BUGREPORT "BUG-REPORT-ADDRESS"
| #define PACKAGE_URL ""
| #define PACKAGE "saga"
| #define VERSION "7.2.0"
| #define STDC_HEADERS 1
| #define HAVE_SYS_TYPES_H 1
| #define HAVE_SYS_STAT_H 1
| #define HAVE_STDLIB_H 1
| #define HAVE_STRING_H 1
| #define HAVE_MEMORY_H 1
| #define HAVE_STRINGS_H 1
| #define HAVE_INTTYPES_H 1
| #define HAVE_STDINT_H 1
| #define HAVE_UNISTD_H 1
| #define HAVE_DLFCN_H 1
| #define LT_OBJDIR ".libs/"
| /* end confdefs.h.  */
| 
| /* Override any GCC internal prototype to avoid an error.
|    Use char because int might match the return type of a GCC
|    builtin and then its argument prototype would still apply.  */
| #ifdef __cplusplus
| extern "C"
| #endif
| char fftw_execute ();
| int
| main ()
| {
| return fftw_execute ();
|   ;
|   return 0;
| }
configure:11793: result: no
configure:11799: checking for LAS_GetVersion in -llas
configure:11824: gcc -o conftest -g -O2   conftest.c -llas   >&5
/usr/bin/ld: cannot find -llas
collect2: error: ld returned 1 exit status
configure:11824: $? = 1
configure: failed program was:
| /* confdefs.h */
| #define PACKAGE_NAME "saga"
| #define PACKAGE_TARNAME "saga"
| #define PACKAGE_VERSION "7.2.0"
| #define PACKAGE_STRING "saga 7.2.0"
| #define PACKAGE_BUGREPORT "BUG-REPORT-ADDRESS"
| #define PACKAGE_URL ""
| #define PACKAGE "saga"
| #define VERSION "7.2.0"
| #define STDC_HEADERS 1
| #define HAVE_SYS_TYPES_H 1
| #define HAVE_SYS_STAT_H 1
| #define HAVE_STDLIB_H 1
| #define HAVE_STRING_H 1
| #define HAVE_MEMORY_H 1
| #define HAVE_STRINGS_H 1
| #define HAVE_INTTYPES_H 1
| #define HAVE_STDINT_H 1
| #define HAVE_UNISTD_H 1
| #define HAVE_DLFCN_H 1
| #define LT_OBJDIR ".libs/"
| /* end confdefs.h.  */
| 
| /* Override any GCC internal prototype to avoid an error.
|    Use char because int might match the return type of a GCC
|    builtin and then its argument prototype would still apply.  */
| #ifdef __cplusplus
| extern "C"
| #endif
| char LAS_GetVersion ();
| int
| main ()
| {
| return LAS_GetVersion ();
|   ;
|   return 0;
| }
configure:11833: result: no
configure:11839: checking for HPDF_Pages_New in -lhpdf
configure:11864: gcc -o conftest -g -O2   conftest.c -lhpdf   >&5
/usr/bin/ld: cannot find -lhpdf
collect2: error: ld returned 1 exit status
configure:11864: $? = 1
configure: failed program was:
| /* confdefs.h */
| #define PACKAGE_NAME "saga"
| #define PACKAGE_TARNAME "saga"
| #define PACKAGE_VERSION "7.2.0"
| #define PACKAGE_STRING "saga 7.2.0"
| #define PACKAGE_BUGREPORT "BUG-REPORT-ADDRESS"
| #define PACKAGE_URL ""
| #define PACKAGE "saga"
| #define VERSION "7.2.0"
| #define STDC_HEADERS 1
| #define HAVE_SYS_TYPES_H 1
| #define HAVE_SYS_STAT_H 1
| #define HAVE_STDLIB_H 1
| #define HAVE_STRING_H 1
| #define HAVE_MEMORY_H 1
| #define HAVE_STRINGS_H 1
| #define HAVE_INTTYPES_H 1
| #define HAVE_STDINT_H 1
| #define HAVE_UNISTD_H 1
| #define HAVE_DLFCN_H 1
| #define LT_OBJDIR ".libs/"
| /* end confdefs.h.  */
| 
| /* Override any GCC internal prototype to avoid an error.
|    Use char because int might match the return type of a GCC
|    builtin and then its argument prototype would still apply.  */
| #ifdef __cplusplus
| extern "C"
| #endif
| char HPDF_Pages_New ();
| int
| main ()
| {
| return HPDF_Pages_New ();
|   ;
|   return 0;
| }
configure:11873: result: no
configure:11879: checking for SQLFetch in -lodbc
configure:11904: gcc -o conftest -g -O2   conftest.c -lodbc   >&5
/usr/bin/ld: cannot find -lodbc
collect2: error: ld returned 1 exit status
configure:11904: $? = 1
configure: failed program was:
| /* confdefs.h */
| #define PACKAGE_NAME "saga"
| #define PACKAGE_TARNAME "saga"
| #define PACKAGE_VERSION "7.2.0"
| #define PACKAGE_STRING "saga 7.2.0"
| #define PACKAGE_BUGREPORT "BUG-REPORT-ADDRESS"
| #define PACKAGE_URL ""
| #define PACKAGE "saga"
| #define VERSION "7.2.0"
| #define STDC_HEADERS 1
| #define HAVE_SYS_TYPES_H 1
| #define HAVE_SYS_STAT_H 1
| #define HAVE_STDLIB_H 1
| #define HAVE_STRING_H 1
| #define HAVE_MEMORY_H 1
| #define HAVE_STRINGS_H 1
| #define HAVE_INTTYPES_H 1
| #define HAVE_STDINT_H 1
| #define HAVE_UNISTD_H 1
| #define HAVE_DLFCN_H 1
| #define LT_OBJDIR ".libs/"
| /* end confdefs.h.  */
| 
| /* Override any GCC internal prototype to avoid an error.
|    Use char because int might match the return type of a GCC
|    builtin and then its argument prototype would still apply.  */
| #ifdef __cplusplus
| extern "C"
| #endif
| char SQLFetch ();
| int
| main ()
| {
| return SQLFetch ();
|   ;
|   return 0;
| }
configure:11913: result: no
configure:11921: checking for pj_is_latlong in -lproj
configure:11946: gcc -o conftest -g -O2   conftest.c -lproj   >&5
/usr/bin/ld: cannot find -lproj
collect2: error: ld returned 1 exit status
configure:11946: $? = 1
configure: failed program was:
| /* confdefs.h */
| #define PACKAGE_NAME "saga"
| #define PACKAGE_TARNAME "saga"
| #define PACKAGE_VERSION "7.2.0"
| #define PACKAGE_STRING "saga 7.2.0"
| #define PACKAGE_BUGREPORT "BUG-REPORT-ADDRESS"
| #define PACKAGE_URL ""
| #define PACKAGE "saga"
| #define VERSION "7.2.0"
| #define STDC_HEADERS 1
| #define HAVE_SYS_TYPES_H 1
| #define HAVE_SYS_STAT_H 1
| #define HAVE_STDLIB_H 1
| #define HAVE_STRING_H 1
| #define HAVE_MEMORY_H 1
| #define HAVE_STRINGS_H 1
| #define HAVE_INTTYPES_H 1
| #define HAVE_STDINT_H 1
| #define HAVE_UNISTD_H 1
| #define HAVE_DLFCN_H 1
| #define LT_OBJDIR ".libs/"
| /* end confdefs.h.  */
| 
| /* Override any GCC internal prototype to avoid an error.
|    Use char because int might match the return type of a GCC
|    builtin and then its argument prototype would still apply.  */
| #ifdef __cplusplus
| extern "C"
| #endif
| char pj_is_latlong ();
| int
| main ()
| {
| return pj_is_latlong ();
|   ;
|   return 0;
| }
configure:11955: result: no
configure:11961: checking for VIGRA_RGBE_ReadPixels_Raw in -lvigraimpex
configure:11986: gcc -o conftest -g -O2   conftest.c -lvigraimpex   >&5
/usr/bin/ld: cannot find -lvigraimpex
collect2: error: ld returned 1 exit status
configure:11986: $? = 1
configure: failed program was:
| /* confdefs.h */
| #define PACKAGE_NAME "saga"
| #define PACKAGE_TARNAME "saga"
| #define PACKAGE_VERSION "7.2.0"
| #define PACKAGE_STRING "saga 7.2.0"
| #define PACKAGE_BUGREPORT "BUG-REPORT-ADDRESS"
| #define PACKAGE_URL ""
| #define PACKAGE "saga"
| #define VERSION "7.2.0"
| #define STDC_HEADERS 1
| #define HAVE_SYS_TYPES_H 1
| #define HAVE_SYS_STAT_H 1
| #define HAVE_STDLIB_H 1
| #define HAVE_STRING_H 1
| #define HAVE_MEMORY_H 1
| #define HAVE_STRINGS_H 1
| #define HAVE_INTTYPES_H 1
| #define HAVE_STDINT_H 1
| #define HAVE_UNISTD_H 1
| #define HAVE_DLFCN_H 1
| #define LT_OBJDIR ".libs/"
| /* end confdefs.h.  */
| 
| /* Override any GCC internal prototype to avoid an error.
|    Use char because int might match the return type of a GCC
|    builtin and then its argument prototype would still apply.  */
| #ifdef __cplusplus
| extern "C"
| #endif
| char VIGRA_RGBE_ReadPixels_Raw ();
| int
| main ()
| {
| return VIGRA_RGBE_ReadPixels_Raw ();
|   ;
|   return 0;
| }
configure:11995: result: no
configure:12001: checking for omp_get_num_threads in -lgomp
configure:12026: gcc -o conftest -g -O2   conftest.c -lgomp   >&5
configure:12026: $? = 0
configure:12035: result: yes
configure:12041: checking libsvm/svm.h usability
configure:12041: gcc -c -g -O2  conftest.c >&5
conftest.c:56:10: fatal error: libsvm/svm.h: No such file or directory
 #include <libsvm/svm.h>
          ^~~~~~~~~~~~~~
compilation terminated.
configure:12041: $? = 1
configure: failed program was:
| /* confdefs.h */
| #define PACKAGE_NAME "saga"
| #define PACKAGE_TARNAME "saga"
| #define PACKAGE_VERSION "7.2.0"
| #define PACKAGE_STRING "saga 7.2.0"
| #define PACKAGE_BUGREPORT "BUG-REPORT-ADDRESS"
| #define PACKAGE_URL ""
| #define PACKAGE "saga"
| #define VERSION "7.2.0"
| #define STDC_HEADERS 1
| #define HAVE_SYS_TYPES_H 1
| #define HAVE_SYS_STAT_H 1
| #define HAVE_STDLIB_H 1
| #define HAVE_STRING_H 1
| #define HAVE_MEMORY_H 1
| #define HAVE_STRINGS_H 1
| #define HAVE_INTTYPES_H 1
| #define HAVE_STDINT_H 1
| #define HAVE_UNISTD_H 1
| #define HAVE_DLFCN_H 1
| #define LT_OBJDIR ".libs/"
| /* end confdefs.h.  */
| #include <stdio.h>
| #ifdef HAVE_SYS_TYPES_H
| # include <sys/types.h>
| #endif
| #ifdef HAVE_SYS_STAT_H
| # include <sys/stat.h>
| #endif
| #ifdef STDC_HEADERS
| # include <stdlib.h>
| # include <stddef.h>
| #else
| # ifdef HAVE_STDLIB_H
| #  include <stdlib.h>
| # endif
| #endif
| #ifdef HAVE_STRING_H
| # if !defined STDC_HEADERS && defined HAVE_MEMORY_H
| #  include <memory.h>
| # endif
| # include <string.h>
| #endif
| #ifdef HAVE_STRINGS_H
| # include <strings.h>
| #endif
| #ifdef HAVE_INTTYPES_H
| # include <inttypes.h>
| #endif
| #ifdef HAVE_STDINT_H
| # include <stdint.h>
| #endif
| #ifdef HAVE_UNISTD_H
| # include <unistd.h>
| #endif
| #include <libsvm/svm.h>
configure:12041: result: no
configure:12041: checking libsvm/svm.h presence
configure:12041: gcc -E  conftest.c
conftest.c:23:10: fatal error: libsvm/svm.h: No such file or directory
 #include <libsvm/svm.h>
          ^~~~~~~~~~~~~~
compilation terminated.
configure:12041: $? = 1
configure: failed program was:
| /* confdefs.h */
| #define PACKAGE_NAME "saga"
| #define PACKAGE_TARNAME "saga"
| #define PACKAGE_VERSION "7.2.0"
| #define PACKAGE_STRING "saga 7.2.0"
| #define PACKAGE_BUGREPORT "BUG-REPORT-ADDRESS"
| #define PACKAGE_URL ""
| #define PACKAGE "saga"
| #define VERSION "7.2.0"
| #define STDC_HEADERS 1
| #define HAVE_SYS_TYPES_H 1
| #define HAVE_SYS_STAT_H 1
| #define HAVE_STDLIB_H 1
| #define HAVE_STRING_H 1
| #define HAVE_MEMORY_H 1
| #define HAVE_STRINGS_H 1
| #define HAVE_INTTYPES_H 1
| #define HAVE_STDINT_H 1
| #define HAVE_UNISTD_H 1
| #define HAVE_DLFCN_H 1
| #define LT_OBJDIR ".libs/"
| /* end confdefs.h.  */
| #include <libsvm/svm.h>
configure:12041: result: no
configure:12041: checking for libsvm/svm.h
configure:12041: result: no
configure:12140: checking for pkg-config
configure:12158: found /usr/bin/pkg-config
configure:12170: result: /usr/bin/pkg-config
configure:12195: checking pkg-config is at least version 0.9.0
configure:12198: result: yes
configure:12208: checking for DXFLIB
configure:12215: $PKG_CONFIG --exists --print-errors "dxflib"
Package dxflib was not found in the pkg-config search path.
Perhaps you should add the directory containing `dxflib.pc'
to the PKG_CONFIG_PATH environment variable
No package 'dxflib' found
configure:12218: $? = 1
configure:12232: $PKG_CONFIG --exists --print-errors "dxflib"
Package dxflib was not found in the pkg-config search path.
Perhaps you should add the directory containing `dxflib.pc'
to the PKG_CONFIG_PATH environment variable
No package 'dxflib' found
configure:12235: $? = 1
configure:12249: result: no
No package 'dxflib' found
configure:12279: checking for HDF5
configure:12286: $PKG_CONFIG --exists --print-errors "hdf5"
Package hdf5 was not found in the pkg-config search path.
Perhaps you should add the directory containing `hdf5.pc'
to the PKG_CONFIG_PATH environment variable
No package 'hdf5' found
configure:12289: $? = 1
configure:12303: $PKG_CONFIG --exists --print-errors "hdf5"
Package hdf5 was not found in the pkg-config search path.
Perhaps you should add the directory containing `hdf5.pc'
to the PKG_CONFIG_PATH environment variable
No package 'hdf5' found
configure:12306: $? = 1
configure:12320: result: no
No package 'hdf5' found
configure:12387: checking for gawk
configure:12414: result: mawk
configure:12476: checking for curl-config
configure:12509: result: no
configure:12585: checking whether libcurl is usable
configure:12619: gcc -o conftest -g -O2    conftest.c  -lcurl  >&5
conftest.c:23:10: fatal error: curl/curl.h: No such file or directory
 #include <curl/curl.h>
          ^~~~~~~~~~~~~
compilation terminated.
configure:12619: $? = 1
configure: failed program was:
| /* confdefs.h */
| #define PACKAGE_NAME "saga"
| #define PACKAGE_TARNAME "saga"
| #define PACKAGE_VERSION "7.2.0"
| #define PACKAGE_STRING "saga 7.2.0"
| #define PACKAGE_BUGREPORT "BUG-REPORT-ADDRESS"
| #define PACKAGE_URL ""
| #define PACKAGE "saga"
| #define VERSION "7.2.0"
| #define STDC_HEADERS 1
| #define HAVE_SYS_TYPES_H 1
| #define HAVE_SYS_STAT_H 1
| #define HAVE_STDLIB_H 1
| #define HAVE_STRING_H 1
| #define HAVE_MEMORY_H 1
| #define HAVE_STRINGS_H 1
| #define HAVE_INTTYPES_H 1
| #define HAVE_STDINT_H 1
| #define HAVE_UNISTD_H 1
| #define HAVE_DLFCN_H 1
| #define LT_OBJDIR ".libs/"
| /* end confdefs.h.  */
| #include <curl/curl.h>
| int
| main ()
| {
| 
| /* Try and use a few common options to force a failure if we are
|    missing symbols or can't link. */
| int x;
| curl_easy_setopt(NULL,CURLOPT_URL,NULL);
| x=CURL_ERROR_SIZE;
| x=CURLOPT_WRITEFUNCTION;
| x=CURLOPT_WRITEDATA;
| x=CURLOPT_ERRORBUFFER;
| x=CURLOPT_STDERR;
| x=CURLOPT_VERBOSE;
| if (x) {;}
| 
|   ;
|   return 0;
| }
configure:12633: result: no
configure:12734: checking for ANSI C header files
configure:12838: result: yes
configure:12849: checking float.h usability
configure:12849: gcc -c -g -O2  conftest.c >&5
configure:12849: $? = 0
configure:12849: result: yes
configure:12849: checking float.h presence
configure:12849: gcc -E  conftest.c
configure:12849: $? = 0
configure:12849: result: yes
configure:12849: checking for float.h
configure:12849: result: yes
configure:12849: checking malloc.h usability
configure:12849: gcc -c -g -O2  conftest.c >&5
configure:12849: $? = 0
configure:12849: result: yes
configure:12849: checking malloc.h presence
configure:12849: gcc -E  conftest.c
configure:12849: $? = 0
configure:12849: result: yes
configure:12849: checking for malloc.h
configure:12849: result: yes
configure:12849: checking for memory.h
configure:12849: result: yes
configure:12849: checking for stdlib.h
configure:12849: result: yes
configure:12849: checking for string.h
configure:12849: result: yes
configure:12849: checking for unistd.h
configure:12849: result: yes
configure:12861: checking wchar.h usability
configure:12861: gcc -c -g -O2  conftest.c >&5
configure:12861: $? = 0
configure:12861: result: yes
configure:12861: checking wchar.h presence
configure:12861: gcc -E  conftest.c
configure:12861: $? = 0
configure:12861: result: yes
configure:12861: checking for wchar.h
configure:12861: result: yes
configure:12874: checking for stdbool.h that conforms to C99
configure:12941: gcc -c -g -O2  conftest.c >&5
configure:12941: $? = 0
configure:12948: result: yes
configure:12950: checking for _Bool
configure:12950: gcc -c -g -O2  conftest.c >&5
configure:12950: $? = 0
configure:12950: gcc -c -g -O2  conftest.c >&5
conftest.c: In function 'main':
conftest.c:67:20: error: expected expression before ')' token
 if (sizeof ((_Bool)))
                    ^
configure:12950: $? = 1
configure: failed program was:
| /* confdefs.h */
| #define PACKAGE_NAME "saga"
| #define PACKAGE_TARNAME "saga"
| #define PACKAGE_VERSION "7.2.0"
| #define PACKAGE_STRING "saga 7.2.0"
| #define PACKAGE_BUGREPORT "BUG-REPORT-ADDRESS"
| #define PACKAGE_URL ""
| #define PACKAGE "saga"
| #define VERSION "7.2.0"
| #define STDC_HEADERS 1
| #define HAVE_SYS_TYPES_H 1
| #define HAVE_SYS_STAT_H 1
| #define HAVE_STDLIB_H 1
| #define HAVE_STRING_H 1
| #define HAVE_MEMORY_H 1
| #define HAVE_STRINGS_H 1
| #define HAVE_INTTYPES_H 1
| #define HAVE_STDINT_H 1
| #define HAVE_UNISTD_H 1
| #define HAVE_DLFCN_H 1
| #define LT_OBJDIR ".libs/"
| #define STDC_HEADERS 1
| #define HAVE_FLOAT_H 1
| #define HAVE_MALLOC_H 1
| #define HAVE_MEMORY_H 1
| #define HAVE_STDLIB_H 1
| #define HAVE_STRING_H 1
| #define HAVE_UNISTD_H 1
| #define HAVE_WCHAR_H 1
| /* end confdefs.h.  */
| #include <stdio.h>
| #ifdef HAVE_SYS_TYPES_H
| # include <sys/types.h>
| #endif
| #ifdef HAVE_SYS_STAT_H
| # include <sys/stat.h>
| #endif
| #ifdef STDC_HEADERS
| # include <stdlib.h>
| # include <stddef.h>
| #else
| # ifdef HAVE_STDLIB_H
| #  include <stdlib.h>
| # endif
| #endif
| #ifdef HAVE_STRING_H
| # if !defined STDC_HEADERS && defined HAVE_MEMORY_H
| #  include <memory.h>
| # endif
| # include <string.h>
| #endif
| #ifdef HAVE_STRINGS_H
| # include <strings.h>
| #endif
| #ifdef HAVE_INTTYPES_H
| # include <inttypes.h>
| #endif
| #ifdef HAVE_STDINT_H
| # include <stdint.h>
| #endif
| #ifdef HAVE_UNISTD_H
| # include <unistd.h>
| #endif
| int
| main ()
| {
| if (sizeof ((_Bool)))
| 	    return 0;
|   ;
|   return 0;
| }
configure:12950: result: yes
configure:12967: checking for an ANSI C-conforming const
configure:13033: gcc -c -g -O2  conftest.c >&5
configure:13033: $? = 0
configure:13040: result: yes
configure:13048: checking for inline
configure:13064: gcc -c -g -O2  conftest.c >&5
configure:13064: $? = 0
configure:13072: result: inline
configure:13090: checking for size_t
configure:13090: gcc -c -g -O2  conftest.c >&5
configure:13090: $? = 0
configure:13090: gcc -c -g -O2  conftest.c >&5
conftest.c: In function 'main':
conftest.c:69:21: error: expected expression before ')' token
 if (sizeof ((size_t)))
                     ^
configure:13090: $? = 1
configure: failed program was:
| /* confdefs.h */
| #define PACKAGE_NAME "saga"
| #define PACKAGE_TARNAME "saga"
| #define PACKAGE_VERSION "7.2.0"
| #define PACKAGE_STRING "saga 7.2.0"
| #define PACKAGE_BUGREPORT "BUG-REPORT-ADDRESS"
| #define PACKAGE_URL ""
| #define PACKAGE "saga"
| #define VERSION "7.2.0"
| #define STDC_HEADERS 1
| #define HAVE_SYS_TYPES_H 1
| #define HAVE_SYS_STAT_H 1
| #define HAVE_STDLIB_H 1
| #define HAVE_STRING_H 1
| #define HAVE_MEMORY_H 1
| #define HAVE_STRINGS_H 1
| #define HAVE_INTTYPES_H 1
| #define HAVE_STDINT_H 1
| #define HAVE_UNISTD_H 1
| #define HAVE_DLFCN_H 1
| #define LT_OBJDIR ".libs/"
| #define STDC_HEADERS 1
| #define HAVE_FLOAT_H 1
| #define HAVE_MALLOC_H 1
| #define HAVE_MEMORY_H 1
| #define HAVE_STDLIB_H 1
| #define HAVE_STRING_H 1
| #define HAVE_UNISTD_H 1
| #define HAVE_WCHAR_H 1
| #define HAVE__BOOL 1
| #define HAVE_STDBOOL_H 1
| /* end confdefs.h.  */
| #include <stdio.h>
| #ifdef HAVE_SYS_TYPES_H
| # include <sys/types.h>
| #endif
| #ifdef HAVE_SYS_STAT_H
| # include <sys/stat.h>
| #endif
| #ifdef STDC_HEADERS
| # include <stdlib.h>
| # include <stddef.h>
| #else
| # ifdef HAVE_STDLIB_H
| #  include <stdlib.h>
| # endif
| #endif
| #ifdef HAVE_STRING_H
| # if !defined STDC_HEADERS && defined HAVE_MEMORY_H
| #  include <memory.h>
| # endif
| # include <string.h>
| #endif
| #ifdef HAVE_STRINGS_H
| # include <strings.h>
| #endif
| #ifdef HAVE_INTTYPES_H
| # include <inttypes.h>
| #endif
| #ifdef HAVE_STDINT_H
| # include <stdint.h>
| #endif
| #ifdef HAVE_UNISTD_H
| # include <unistd.h>
| #endif
| int
| main ()
| {
| if (sizeof ((size_t)))
| 	    return 0;
|   ;
|   return 0;
| }
configure:13090: result: yes
configure:13101: checking whether struct tm is in sys/time.h or time.h
configure:13121: gcc -c -g -O2  conftest.c >&5
configure:13121: $? = 0
configure:13128: result: time.h
configure:13138: checking whether byte ordering is bigendian
configure:13153: gcc -c -g -O2  conftest.c >&5
conftest.c:34:9: error: unknown type name 'not'
         not a universal capable compiler
         ^~~
conftest.c:34:15: error: expected '=', ',', ';', 'asm' or '__attribute__' before 'universal'
         not a universal capable compiler
               ^~~~~~~~~
conftest.c:34:15: error: unknown type name 'universal'
configure:13153: $? = 1
configure: failed program was:
| /* confdefs.h */
| #define PACKAGE_NAME "saga"
| #define PACKAGE_TARNAME "saga"
| #define PACKAGE_VERSION "7.2.0"
| #define PACKAGE_STRING "saga 7.2.0"
| #define PACKAGE_BUGREPORT "BUG-REPORT-ADDRESS"
| #define PACKAGE_URL ""
| #define PACKAGE "saga"
| #define VERSION "7.2.0"
| #define STDC_HEADERS 1
| #define HAVE_SYS_TYPES_H 1
| #define HAVE_SYS_STAT_H 1
| #define HAVE_STDLIB_H 1
| #define HAVE_STRING_H 1
| #define HAVE_MEMORY_H 1
| #define HAVE_STRINGS_H 1
| #define HAVE_INTTYPES_H 1
| #define HAVE_STDINT_H 1
| #define HAVE_UNISTD_H 1
| #define HAVE_DLFCN_H 1
| #define LT_OBJDIR ".libs/"
| #define STDC_HEADERS 1
| #define HAVE_FLOAT_H 1
| #define HAVE_MALLOC_H 1
| #define HAVE_MEMORY_H 1
| #define HAVE_STDLIB_H 1
| #define HAVE_STRING_H 1
| #define HAVE_UNISTD_H 1
| #define HAVE_WCHAR_H 1
| #define HAVE__BOOL 1
| #define HAVE_STDBOOL_H 1
| /* end confdefs.h.  */
| #ifndef __APPLE_CC__
| 	       not a universal capable compiler
| 	     #endif
| 	     typedef int dummy;
| 
configure:13198: gcc -c -g -O2  conftest.c >&5
configure:13198: $? = 0
configure:13216: gcc -c -g -O2  conftest.c >&5
conftest.c: In function 'main':
conftest.c:40:4: error: unknown type name 'not'; did you mean 'ino_t'?
    not big endian
    ^~~
    ino_t
conftest.c:40:12: error: expected '=', ',', ';', 'asm' or '__attribute__' before 'endian'
    not big endian
            ^~~~~~
configure:13216: $? = 1
configure: failed program was:
| /* confdefs.h */
| #define PACKAGE_NAME "saga"
| #define PACKAGE_TARNAME "saga"
| #define PACKAGE_VERSION "7.2.0"
| #define PACKAGE_STRING "saga 7.2.0"
| #define PACKAGE_BUGREPORT "BUG-REPORT-ADDRESS"
| #define PACKAGE_URL ""
| #define PACKAGE "saga"
| #define VERSION "7.2.0"
| #define STDC_HEADERS 1
| #define HAVE_SYS_TYPES_H 1
| #define HAVE_SYS_STAT_H 1
| #define HAVE_STDLIB_H 1
| #define HAVE_STRING_H 1
| #define HAVE_MEMORY_H 1
| #define HAVE_STRINGS_H 1
| #define HAVE_INTTYPES_H 1
| #define HAVE_STDINT_H 1
| #define HAVE_UNISTD_H 1
| #define HAVE_DLFCN_H 1
| #define LT_OBJDIR ".libs/"
| #define STDC_HEADERS 1
| #define HAVE_FLOAT_H 1
| #define HAVE_MALLOC_H 1
| #define HAVE_MEMORY_H 1
| #define HAVE_STDLIB_H 1
| #define HAVE_STRING_H 1
| #define HAVE_UNISTD_H 1
| #define HAVE_WCHAR_H 1
| #define HAVE__BOOL 1
| #define HAVE_STDBOOL_H 1
| /* end confdefs.h.  */
| #include <sys/types.h>
| 		#include <sys/param.h>
| 
| int
| main ()
| {
| #if BYTE_ORDER != BIG_ENDIAN
| 		 not big endian
| 		#endif
| 
|   ;
|   return 0;
| }
configure:13344: result: no
configure:13366: checking for stdlib.h
configure:13366: result: yes
configure:13376: checking for GNU libc compatible malloc
configure:13400: gcc -o conftest -g -O2   conftest.c  >&5
configure:13400: $? = 0
configure:13400: ./conftest
configure:13400: $? = 0
configure:13410: result: yes
configure:13431: checking for working memcmp
configure:13474: gcc -o conftest -g -O2   conftest.c  >&5
configure:13474: $? = 0
configure:13474: ./conftest
configure:13474: $? = 0
configure:13484: result: yes
configure:13495: checking for stdlib.h
configure:13495: result: yes
configure:13505: checking for GNU libc compatible realloc
configure:13529: gcc -o conftest -g -O2   conftest.c  >&5
configure:13529: $? = 0
configure:13529: ./conftest
configure:13529: $? = 0
configure:13539: result: yes
configure:13560: checking whether lstat correctly handles trailing slash
configure:13586: gcc -o conftest -g -O2   conftest.c  >&5
configure:13586: $? = 0
configure:13586: ./conftest
configure:13586: $? = 0
configure:13603: result: yes
configure:13622: checking whether stat accepts an empty string
configure:13642: gcc -o conftest -g -O2   conftest.c  >&5
configure:13642: $? = 0
configure:13642: ./conftest
configure:13642: $? = 0
configure:13652: result: no
configure:13668: checking for working strtod
configure:13709: gcc -o conftest -g -O2   conftest.c  >&5
configure:13709: $? = 0
configure:13709: ./conftest
configure:13709: $? = 0
configure:13719: result: yes
configure:13783: checking for vprintf
configure:13783: gcc -o conftest -g -O2   conftest.c  >&5
conftest.c:61:6: warning: conflicting types for built-in function 'vprintf' [-Wbuiltin-declaration-mismatch]
 char vprintf ();
      ^~~~~~~
configure:13783: $? = 0
configure:13783: result: yes
configure:13789: checking for _doprnt
configure:13789: gcc -o conftest -g -O2   conftest.c  >&5
/usr/bin/ld: /tmp/ccFEWpGK.o: in function `main':
/home/kipling/Programs/EMI_Field/saga-7.2.0/conftest.c:73: undefined reference to `_doprnt'
collect2: error: ld returned 1 exit status
configure:13789: $? = 1
configure: failed program was:
| /* confdefs.h */
| #define PACKAGE_NAME "saga"
| #define PACKAGE_TARNAME "saga"
| #define PACKAGE_VERSION "7.2.0"
| #define PACKAGE_STRING "saga 7.2.0"
| #define PACKAGE_BUGREPORT "BUG-REPORT-ADDRESS"
| #define PACKAGE_URL ""
| #define PACKAGE "saga"
| #define VERSION "7.2.0"
| #define STDC_HEADERS 1
| #define HAVE_SYS_TYPES_H 1
| #define HAVE_SYS_STAT_H 1
| #define HAVE_STDLIB_H 1
| #define HAVE_STRING_H 1
| #define HAVE_MEMORY_H 1
| #define HAVE_STRINGS_H 1
| #define HAVE_INTTYPES_H 1
| #define HAVE_STDINT_H 1
| #define HAVE_UNISTD_H 1
| #define HAVE_DLFCN_H 1
| #define LT_OBJDIR ".libs/"
| #define STDC_HEADERS 1
| #define HAVE_FLOAT_H 1
| #define HAVE_MALLOC_H 1
| #define HAVE_MEMORY_H 1
| #define HAVE_STDLIB_H 1
| #define HAVE_STRING_H 1
| #define HAVE_UNISTD_H 1
| #define HAVE_WCHAR_H 1
| #define HAVE__BOOL 1
| #define HAVE_STDBOOL_H 1
| #define HAVE_STDLIB_H 1
| #define HAVE_MALLOC 1
| #define HAVE_STDLIB_H 1
| #define HAVE_REALLOC 1
| #define LSTAT_FOLLOWS_SLASHED_SYMLINK 1
| #define HAVE_VPRINTF 1
| /* end confdefs.h.  */
| /* Define _doprnt to an innocuous variant, in case <limits.h> declares _doprnt.
|    For example, HP-UX 11i <limits.h> declares gettimeofday.  */
| #define _doprnt innocuous__doprnt
| 
| /* System header to define __stub macros and hopefully few prototypes,
|     which can conflict with char _doprnt (); below.
|     Prefer <limits.h> to <assert.h> if __STDC__ is defined, since
|     <limits.h> exists even on freestanding compilers.  */
| 
| #ifdef __STDC__
| # include <limits.h>
| #else
| # include <assert.h>
| #endif
| 
| #undef _doprnt
| 
| /* Override any GCC internal prototype to avoid an error.
|    Use char because int might match the return type of a GCC
|    builtin and then its argument prototype would still apply.  */
| #ifdef __cplusplus
| extern "C"
| #endif
| char _doprnt ();
| /* The GNU C library defines this for functions which it implements
|     to always fail with ENOSYS.  Some functions are actually named
|     something starting with __ and the normal name is an alias.  */
| #if defined __stub__doprnt || defined __stub____doprnt
| choke me
| #endif
| 
| int
| main ()
| {
| return _doprnt ();
|   ;
|   return 0;
| }
configure:13789: result: no
configure:13803: checking for floor
configure:13803: gcc -o conftest -g -O2   conftest.c  >&5
conftest.c:62:6: warning: conflicting types for built-in function 'floor' [-Wbuiltin-declaration-mismatch]
 char floor ();
      ^~~~~
/usr/bin/ld: /tmp/ccmuz14M.o: in function `main':
/home/kipling/Programs/EMI_Field/saga-7.2.0/conftest.c:73: undefined reference to `floor'
collect2: error: ld returned 1 exit status
configure:13803: $? = 1
configure: failed program was:
| /* confdefs.h */
| #define PACKAGE_NAME "saga"
| #define PACKAGE_TARNAME "saga"
| #define PACKAGE_VERSION "7.2.0"
| #define PACKAGE_STRING "saga 7.2.0"
| #define PACKAGE_BUGREPORT "BUG-REPORT-ADDRESS"
| #define PACKAGE_URL ""
| #define PACKAGE "saga"
| #define VERSION "7.2.0"
| #define STDC_HEADERS 1
| #define HAVE_SYS_TYPES_H 1
| #define HAVE_SYS_STAT_H 1
| #define HAVE_STDLIB_H 1
| #define HAVE_STRING_H 1
| #define HAVE_MEMORY_H 1
| #define HAVE_STRINGS_H 1
| #define HAVE_INTTYPES_H 1
| #define HAVE_STDINT_H 1
| #define HAVE_UNISTD_H 1
| #define HAVE_DLFCN_H 1
| #define LT_OBJDIR ".libs/"
| #define STDC_HEADERS 1
| #define HAVE_FLOAT_H 1
| #define HAVE_MALLOC_H 1
| #define HAVE_MEMORY_H 1
| #define HAVE_STDLIB_H 1
| #define HAVE_STRING_H 1
| #define HAVE_UNISTD_H 1
| #define HAVE_WCHAR_H 1
| #define HAVE__BOOL 1
| #define HAVE_STDBOOL_H 1
| #define HAVE_STDLIB_H 1
| #define HAVE_MALLOC 1
| #define HAVE_STDLIB_H 1
| #define HAVE_REALLOC 1
| #define LSTAT_FOLLOWS_SLASHED_SYMLINK 1
| #define HAVE_VPRINTF 1
| /* end confdefs.h.  */
| /* Define floor to an innocuous variant, in case <limits.h> declares floor.
|    For example, HP-UX 11i <limits.h> declares gettimeofday.  */
| #define floor innocuous_floor
| 
| /* System header to define __stub macros and hopefully few prototypes,
|     which can conflict with char floor (); below.
|     Prefer <limits.h> to <assert.h> if __STDC__ is defined, since
|     <limits.h> exists even on freestanding compilers.  */
| 
| #ifdef __STDC__
| # include <limits.h>
| #else
| # include <assert.h>
| #endif
| 
| #undef floor
| 
| /* Override any GCC internal prototype to avoid an error.
|    Use char because int might match the return type of a GCC
|    builtin and then its argument prototype would still apply.  */
| #ifdef __cplusplus
| extern "C"
| #endif
| char floor ();
| /* The GNU C library defines this for functions which it implements
|     to always fail with ENOSYS.  Some functions are actually named
|     something starting with __ and the normal name is an alias.  */
| #if defined __stub_floor || defined __stub___floor
| choke me
| #endif
| 
| int
| main ()
| {
| return floor ();
|   ;
|   return 0;
| }
configure:13803: result: no
configure:13803: checking for memmove
configure:13803: gcc -o conftest -g -O2   conftest.c  >&5
conftest.c:62:6: warning: conflicting types for built-in function 'memmove' [-Wbuiltin-declaration-mismatch]
 char memmove ();
      ^~~~~~~
configure:13803: $? = 0
configure:13803: result: yes
configure:13803: checking for memset
configure:13803: gcc -o conftest -g -O2   conftest.c  >&5
conftest.c:63:6: warning: conflicting types for built-in function 'memset' [-Wbuiltin-declaration-mismatch]
 char memset ();
      ^~~~~~
configure:13803: $? = 0
configure:13803: result: yes
configure:13803: checking for modf
configure:13803: gcc -o conftest -g -O2   conftest.c  >&5
conftest.c:64:6: warning: conflicting types for built-in function 'modf' [-Wbuiltin-declaration-mismatch]
 char modf ();
      ^~~~
configure:13803: $? = 0
configure:13803: result: yes
configure:13803: checking for pow
configure:13803: gcc -o conftest -g -O2   conftest.c  >&5
conftest.c:65:6: warning: conflicting types for built-in function 'pow' [-Wbuiltin-declaration-mismatch]
 char pow ();
      ^~~
/usr/bin/ld: /tmp/ccmYJAd0.o: in function `main':
/home/kipling/Programs/EMI_Field/saga-7.2.0/conftest.c:76: undefined reference to `pow'
collect2: error: ld returned 1 exit status
configure:13803: $? = 1
configure: failed program was:
| /* confdefs.h */
| #define PACKAGE_NAME "saga"
| #define PACKAGE_TARNAME "saga"
| #define PACKAGE_VERSION "7.2.0"
| #define PACKAGE_STRING "saga 7.2.0"
| #define PACKAGE_BUGREPORT "BUG-REPORT-ADDRESS"
| #define PACKAGE_URL ""
| #define PACKAGE "saga"
| #define VERSION "7.2.0"
| #define STDC_HEADERS 1
| #define HAVE_SYS_TYPES_H 1
| #define HAVE_SYS_STAT_H 1
| #define HAVE_STDLIB_H 1
| #define HAVE_STRING_H 1
| #define HAVE_MEMORY_H 1
| #define HAVE_STRINGS_H 1
| #define HAVE_INTTYPES_H 1
| #define HAVE_STDINT_H 1
| #define HAVE_UNISTD_H 1
| #define HAVE_DLFCN_H 1
| #define LT_OBJDIR ".libs/"
| #define STDC_HEADERS 1
| #define HAVE_FLOAT_H 1
| #define HAVE_MALLOC_H 1
| #define HAVE_MEMORY_H 1
| #define HAVE_STDLIB_H 1
| #define HAVE_STRING_H 1
| #define HAVE_UNISTD_H 1
| #define HAVE_WCHAR_H 1
| #define HAVE__BOOL 1
| #define HAVE_STDBOOL_H 1
| #define HAVE_STDLIB_H 1
| #define HAVE_MALLOC 1
| #define HAVE_STDLIB_H 1
| #define HAVE_REALLOC 1
| #define LSTAT_FOLLOWS_SLASHED_SYMLINK 1
| #define HAVE_VPRINTF 1
| #define HAVE_MEMMOVE 1
| #define HAVE_MEMSET 1
| #define HAVE_MODF 1
| /* end confdefs.h.  */
| /* Define pow to an innocuous variant, in case <limits.h> declares pow.
|    For example, HP-UX 11i <limits.h> declares gettimeofday.  */
| #define pow innocuous_pow
| 
| /* System header to define __stub macros and hopefully few prototypes,
|     which can conflict with char pow (); below.
|     Prefer <limits.h> to <assert.h> if __STDC__ is defined, since
|     <limits.h> exists even on freestanding compilers.  */
| 
| #ifdef __STDC__
| # include <limits.h>
| #else
| # include <assert.h>
| #endif
| 
| #undef pow
| 
| /* Override any GCC internal prototype to avoid an error.
|    Use char because int might match the return type of a GCC
|    builtin and then its argument prototype would still apply.  */
| #ifdef __cplusplus
| extern "C"
| #endif
| char pow ();
| /* The GNU C library defines this for functions which it implements
|     to always fail with ENOSYS.  Some functions are actually named
|     something starting with __ and the normal name is an alias.  */
| #if defined __stub_pow || defined __stub___pow
| choke me
| #endif
| 
| int
| main ()
| {
| return pow ();
|   ;
|   return 0;
| }
configure:13803: result: no
configure:13803: checking for sqrt
configure:13803: gcc -o conftest -g -O2   conftest.c  >&5
conftest.c:65:6: warning: conflicting types for built-in function 'sqrt' [-Wbuiltin-declaration-mismatch]
 char sqrt ();
      ^~~~
/usr/bin/ld: /tmp/ccGph3x2.o: in function `main':
/home/kipling/Programs/EMI_Field/saga-7.2.0/conftest.c:76: undefined reference to `sqrt'
collect2: error: ld returned 1 exit status
configure:13803: $? = 1
configure: failed program was:
| /* confdefs.h */
| #define PACKAGE_NAME "saga"
| #define PACKAGE_TARNAME "saga"
| #define PACKAGE_VERSION "7.2.0"
| #define PACKAGE_STRING "saga 7.2.0"
| #define PACKAGE_BUGREPORT "BUG-REPORT-ADDRESS"
| #define PACKAGE_URL ""
| #define PACKAGE "saga"
| #define VERSION "7.2.0"
| #define STDC_HEADERS 1
| #define HAVE_SYS_TYPES_H 1
| #define HAVE_SYS_STAT_H 1
| #define HAVE_STDLIB_H 1
| #define HAVE_STRING_H 1
| #define HAVE_MEMORY_H 1
| #define HAVE_STRINGS_H 1
| #define HAVE_INTTYPES_H 1
| #define HAVE_STDINT_H 1
| #define HAVE_UNISTD_H 1
| #define HAVE_DLFCN_H 1
| #define LT_OBJDIR ".libs/"
| #define STDC_HEADERS 1
| #define HAVE_FLOAT_H 1
| #define HAVE_MALLOC_H 1
| #define HAVE_MEMORY_H 1
| #define HAVE_STDLIB_H 1
| #define HAVE_STRING_H 1
| #define HAVE_UNISTD_H 1
| #define HAVE_WCHAR_H 1
| #define HAVE__BOOL 1
| #define HAVE_STDBOOL_H 1
| #define HAVE_STDLIB_H 1
| #define HAVE_MALLOC 1
| #define HAVE_STDLIB_H 1
| #define HAVE_REALLOC 1
| #define LSTAT_FOLLOWS_SLASHED_SYMLINK 1
| #define HAVE_VPRINTF 1
| #define HAVE_MEMMOVE 1
| #define HAVE_MEMSET 1
| #define HAVE_MODF 1
| /* end confdefs.h.  */
| /* Define sqrt to an innocuous variant, in case <limits.h> declares sqrt.
|    For example, HP-UX 11i <limits.h> declares gettimeofday.  */
| #define sqrt innocuous_sqrt
| 
| /* System header to define __stub macros and hopefully few prototypes,
|     which can conflict with char sqrt (); below.
|     Prefer <limits.h> to <assert.h> if __STDC__ is defined, since
|     <limits.h> exists even on freestanding compilers.  */
| 
| #ifdef __STDC__
| # include <limits.h>
| #else
| # include <assert.h>
| #endif
| 
| #undef sqrt
| 
| /* Override any GCC internal prototype to avoid an error.
|    Use char because int might match the return type of a GCC
|    builtin and then its argument prototype would still apply.  */
| #ifdef __cplusplus
| extern "C"
| #endif
| char sqrt ();
| /* The GNU C library defines this for functions which it implements
|     to always fail with ENOSYS.  Some functions are actually named
|     something starting with __ and the normal name is an alias.  */
| #if defined __stub_sqrt || defined __stub___sqrt
| choke me
| #endif
| 
| int
| main ()
| {
| return sqrt ();
|   ;
|   return 0;
| }
configure:13803: result: no
configure:13803: checking for strchr
configure:13803: gcc -o conftest -g -O2   conftest.c  >&5
conftest.c:65:6: warning: conflicting types for built-in function 'strchr' [-Wbuiltin-declaration-mismatch]
 char strchr ();
      ^~~~~~
configure:13803: $? = 0
configure:13803: result: yes
configure:13803: checking for strdup
configure:13803: gcc -o conftest -g -O2   conftest.c  >&5
conftest.c:66:6: warning: conflicting types for built-in function 'strdup' [-Wbuiltin-declaration-mismatch]
 char strdup ();
      ^~~~~~
configure:13803: $? = 0
configure:13803: result: yes
configure:13803: checking for strerror
configure:13803: gcc -o conftest -g -O2   conftest.c  >&5
configure:13803: $? = 0
configure:13803: result: yes
configure:13803: checking for strrchr
configure:13803: gcc -o conftest -g -O2   conftest.c  >&5
conftest.c:68:6: warning: conflicting types for built-in function 'strrchr' [-Wbuiltin-declaration-mismatch]
 char strrchr ();
      ^~~~~~~
configure:13803: $? = 0
configure:13803: result: yes
configure:13803: checking for strstr
configure:13803: gcc -o conftest -g -O2   conftest.c  >&5
conftest.c:69:6: warning: conflicting types for built-in function 'strstr' [-Wbuiltin-declaration-mismatch]
 char strstr ();
      ^~~~~~
configure:13803: $? = 0
configure:13803: result: yes
configure:13803: checking for strtol
configure:13803: gcc -o conftest -g -O2   conftest.c  >&5
configure:13803: $? = 0
configure:13803: result: yes
configure:13814: checking for local include/lib path
configure:13843: result: none
configure:13852: error: SAGA requires a unicode build of wxGTK

## ---------------- ##
## Cache variables. ##
## ---------------- ##

ac_cv_build=x86_64-pc-linux-gnu
ac_cv_c_bigendian=no
ac_cv_c_compiler_gnu=yes
ac_cv_c_const=yes
ac_cv_c_inline=inline
ac_cv_cxx_compiler_gnu=yes
ac_cv_env_CCC_set=
ac_cv_env_CCC_value=
ac_cv_env_CC_set=
ac_cv_env_CC_value=
ac_cv_env_CFLAGS_set=
ac_cv_env_CFLAGS_value=
ac_cv_env_CPPFLAGS_set=
ac_cv_env_CPPFLAGS_value=
ac_cv_env_CPP_set=
ac_cv_env_CPP_value=
ac_cv_env_CXXCPP_set=
ac_cv_env_CXXCPP_value=
ac_cv_env_CXXFLAGS_set=
ac_cv_env_CXXFLAGS_value=
ac_cv_env_CXX_set=
ac_cv_env_CXX_value=
ac_cv_env_DXFLIB_CFLAGS_set=
ac_cv_env_DXFLIB_CFLAGS_value=
ac_cv_env_DXFLIB_LIBS_set=
ac_cv_env_DXFLIB_LIBS_value=
ac_cv_env_HDF5_CFLAGS_set=
ac_cv_env_HDF5_CFLAGS_value=
ac_cv_env_HDF5_LIBS_set=
ac_cv_env_HDF5_LIBS_value=
ac_cv_env_LDFLAGS_set=
ac_cv_env_LDFLAGS_value=
ac_cv_env_LIBS_set=
ac_cv_env_LIBS_value=
ac_cv_env_LT_SYS_LIBRARY_PATH_set=
ac_cv_env_LT_SYS_LIBRARY_PATH_value=
ac_cv_env_PKG_CONFIG_LIBDIR_set=
ac_cv_env_PKG_CONFIG_LIBDIR_value=
ac_cv_env_PKG_CONFIG_PATH_set=
ac_cv_env_PKG_CONFIG_PATH_value=
ac_cv_env_PKG_CONFIG_set=
ac_cv_env_PKG_CONFIG_value=
ac_cv_env_PYTHON_VERSION_set=
ac_cv_env_PYTHON_VERSION_value=
ac_cv_env_PYTHON_set=
ac_cv_env_PYTHON_value=
ac_cv_env_build_alias_set=
ac_cv_env_build_alias_value=
ac_cv_env_host_alias_set=
ac_cv_env_host_alias_value=
ac_cv_env_target_alias_set=
ac_cv_env_target_alias_value=
ac_cv_func__doprnt=no
ac_cv_func_floor=no
ac_cv_func_lstat_dereferences_slashed_symlink=yes
ac_cv_func_malloc_0_nonnull=yes
ac_cv_func_memcmp_working=yes
ac_cv_func_memmove=yes
ac_cv_func_memset=yes
ac_cv_func_modf=yes
ac_cv_func_pow=no
ac_cv_func_realloc_0_nonnull=yes
ac_cv_func_sqrt=no
ac_cv_func_stat_empty_string_bug=no
ac_cv_func_strchr=yes
ac_cv_func_strdup=yes
ac_cv_func_strerror=yes
ac_cv_func_strrchr=yes
ac_cv_func_strstr=yes
ac_cv_func_strtod=yes
ac_cv_func_strtol=yes
ac_cv_func_vprintf=yes
ac_cv_header_dlfcn_h=yes
ac_cv_header_float_h=yes
ac_cv_header_inttypes_h=yes
ac_cv_header_libsvm_svm_h=no
ac_cv_header_malloc_h=yes
ac_cv_header_memory_h=yes
ac_cv_header_stdbool_h=yes
ac_cv_header_stdc=yes
ac_cv_header_stdint_h=yes
ac_cv_header_stdlib_h=yes
ac_cv_header_string_h=yes
ac_cv_header_strings_h=yes
ac_cv_header_sys_stat_h=yes
ac_cv_header_sys_types_h=yes
ac_cv_header_unistd_h=yes
ac_cv_header_wchar_h=yes
ac_cv_host=x86_64-pc-linux-gnu
ac_cv_lib_fftw3_fftw_execute=no
ac_cv_lib_geotrans_Set_Mercator_Coordinates=no
ac_cv_lib_gomp_omp_get_num_threads=yes
ac_cv_lib_hpdf_HPDF_Pages_New=no
ac_cv_lib_las_LAS_GetVersion=no
ac_cv_lib_odbc_SQLFetch=no
ac_cv_lib_opencv_core_cvGetRows=no
ac_cv_lib_proj_pj_is_latlong=no
ac_cv_lib_vigraimpex_VIGRA_RGBE_ReadPixels_Raw=no
ac_cv_objext=o
ac_cv_path_EGREP='/bin/grep -E'
ac_cv_path_FGREP='/bin/grep -F'
ac_cv_path_GREP=/bin/grep
ac_cv_path_SED=/bin/sed
ac_cv_path_ac_pt_PKG_CONFIG=/usr/bin/pkg-config
ac_cv_path_install='/usr/bin/install -c'
ac_cv_path_lt_DD=/bin/dd
ac_cv_path_mkdir=/bin/mkdir
ac_cv_prog_AWK=mawk
ac_cv_prog_CPP='gcc -E'
ac_cv_prog_CXXCPP='g++ -E'
ac_cv_prog_ac_ct_AR=ar
ac_cv_prog_ac_ct_CC=gcc
ac_cv_prog_ac_ct_CXX=g++
ac_cv_prog_ac_ct_MANIFEST_TOOL=mt
ac_cv_prog_ac_ct_OBJDUMP=objdump
ac_cv_prog_ac_ct_RANLIB=ranlib
ac_cv_prog_ac_ct_STRIP=strip
ac_cv_prog_cc_c89=
ac_cv_prog_cc_g=yes
ac_cv_prog_cxx_g=yes
ac_cv_prog_make_make_set=yes
ac_cv_struct_tm=time.h
ac_cv_type__Bool=yes
ac_cv_type_size_t=yes
am_cv_CC_dependencies_compiler_type=gcc3
am_cv_CXX_dependencies_compiler_type=gcc3
am_cv_make_support_nested_variables=yes
am_cv_prog_cc_c_o=yes
am_cv_prog_tar_ustar=gnutar
libcurl_cv_lib_curl_usable=no
lt_cv_ar_at_file=@
lt_cv_archive_cmds_need_lc=no
lt_cv_deplibs_check_method=pass_all
lt_cv_file_magic_cmd='$MAGIC_CMD'
lt_cv_file_magic_test_file=
lt_cv_ld_reload_flag=-r
lt_cv_nm_interface='BSD nm'
lt_cv_objdir=.libs
lt_cv_path_LD=/usr/bin/ld
lt_cv_path_LDCXX='/usr/bin/ld -m elf_x86_64'
lt_cv_path_NM='/usr/bin/nm -B'
lt_cv_path_mainfest_tool=no
lt_cv_prog_compiler_c_o=yes
lt_cv_prog_compiler_c_o_CXX=yes
lt_cv_prog_compiler_pic='-fPIC -DPIC'
lt_cv_prog_compiler_pic_CXX='-fPIC -DPIC'
lt_cv_prog_compiler_pic_works=yes
lt_cv_prog_compiler_pic_works_CXX=yes
lt_cv_prog_compiler_rtti_exceptions=no
lt_cv_prog_compiler_static_works=yes
lt_cv_prog_compiler_static_works_CXX=yes
lt_cv_prog_gnu_ld=yes
lt_cv_prog_gnu_ldcxx=yes
lt_cv_sharedlib_from_linklib_cmd='printf %s\n'
lt_cv_shlibpath_overrides_runpath=yes
lt_cv_sys_global_symbol_pipe='sed -n -e '\''s/^.*[	 ]\([ABCDGIRSTW][ABCDGIRSTW]*\)[	 ][	 ]*\([_A-Za-z][_A-Za-z0-9]*\)$/\1 \2 \2/p'\'' | sed '\''/ __gnu_lto/d'\'''
lt_cv_sys_global_symbol_to_c_name_address='sed -n -e '\''s/^: \(.*\) .*$/  {"\1", (void *) 0},/p'\'' -e '\''s/^[ABCDGIRSTW][ABCDGIRSTW]* .* \(.*\)$/  {"\1", (void *) \&\1},/p'\'''
lt_cv_sys_global_symbol_to_c_name_address_lib_prefix='sed -n -e '\''s/^: \(.*\) .*$/  {"\1", (void *) 0},/p'\'' -e '\''s/^[ABCDGIRSTW][ABCDGIRSTW]* .* \(lib.*\)$/  {"\1", (void *) \&\1},/p'\'' -e '\''s/^[ABCDGIRSTW][ABCDGIRSTW]* .* \(.*\)$/  {"lib\1", (void *) \&\1},/p'\'''
lt_cv_sys_global_symbol_to_cdecl='sed -n -e '\''s/^T .* \(.*\)$/extern int \1();/p'\'' -e '\''s/^[ABCDGIRSTW][ABCDGIRSTW]* .* \(.*\)$/extern char \1;/p'\'''
lt_cv_sys_global_symbol_to_import=
lt_cv_sys_max_cmd_len=1572864
lt_cv_to_host_file_cmd=func_convert_file_noop
lt_cv_to_tool_file_cmd=func_convert_file_noop
lt_cv_truncate_bin='/bin/dd bs=4096 count=1'

## ----------------- ##
## Output variables. ##
## ----------------- ##

ACLOCAL='${SHELL} /home/kipling/Programs/EMI_Field/saga-7.2.0/missing aclocal-1.15'
AMDEPBACKSLASH='\'
AMDEP_FALSE='#'
AMDEP_TRUE=''
AMTAR='$${TAR-tar}'
AM_BACKSLASH='\'
AM_DEFAULT_V='$(AM_DEFAULT_VERBOSITY)'
AM_DEFAULT_VERBOSITY='1'
AM_V='$(V)'
AR='ar'
AUTOCONF='${SHELL} /home/kipling/Programs/EMI_Field/saga-7.2.0/missing autoconf'
AUTOHEADER='${SHELL} /home/kipling/Programs/EMI_Field/saga-7.2.0/missing autoheader'
AUTOMAKE='${SHELL} /home/kipling/Programs/EMI_Field/saga-7.2.0/missing automake-1.15'
AWK='mawk'
AX_SWIG_PYTHON_CPPFLAGS=''
AX_SWIG_PYTHON_OPT=''
CC='gcc'
CCDEPMODE='depmode=gcc3'
CFLAGS='-g -O2'
CPP='gcc -E'
CPPFLAGS=''
CXX='g++'
CXXCPP='g++ -E'
CXXDEPMODE='depmode=gcc3'
CXXFLAGS='-g -O2'
CYGPATH_W='echo'
DEBUG_FALSE=''
DEBUG_TRUE=''
DEFS=''
DEPDIR='.deps'
DISABLELIBHARU=''
DLLTOOL='false'
DSYMUTIL=''
DUMPBIN=''
DXFLIB_CFLAGS=''
DXFLIB_LIBS=''
ECHO_C=''
ECHO_N='-n'
ECHO_T=''
EGREP='/bin/grep -E'
EXEEXT=''
FGREP='/bin/grep -F'
GDAL2FLAGS=''
GDAL_CFLAGS=''
GDAL_CONFIG=''
GDAL_DEP_LDFLAGS=''
GDAL_LDFLAGS=''
GDAL_OGR_ENABLED=''
GDAL_VERSION=''
GOMPFLAGS=''
GREP='/bin/grep'
HARU_LIB=''
HAVE_CV_FALSE=''
HAVE_CV_TRUE=''
HAVE_HARU_FALSE=''
HAVE_HARU_TRUE=''
HAVE_HDF5_FALSE=''
HAVE_HDF5_TRUE=''
HAVE_LLAS_FALSE=''
HAVE_LLAS_TRUE=''
HAVE_POSTGRESQL_FALSE=''
HAVE_POSTGRESQL_TRUE=''
HAVE_VIGRA_FALSE=''
HAVE_VIGRA_TRUE=''
HDF5_CFLAGS=''
HDF5_LIBS=''
INSTALL_DATA='${INSTALL} -m 644'
INSTALL_PROGRAM='${INSTALL}'
INSTALL_SCRIPT='${INSTALL}'
INSTALL_STRIP_PROGRAM='$(install_sh) -c -s'
LD='/usr/bin/ld -m elf_x86_64'
LDFLAGS=''
LIBCURL=''
LIBCURL_CPPFLAGS=''
LIBFIRE_FALSE=''
LIBFIRE_TRUE=''
LIBOBJS=''
LIBS=''
LIBTOOL='$(SHELL) $(top_builddir)/libtool'
LIPO=''
LN_S='ln -s'
LOCAL_INCS=''
LOCAL_LIBS=''
LTLIBOBJS=''
LT_SYS_LIBRARY_PATH=''
MAKEINFO='${SHELL} /home/kipling/Programs/EMI_Field/saga-7.2.0/missing makeinfo'
MANIFEST_TOOL=':'
MKDIR_P='/bin/mkdir -p'
NM='/usr/bin/nm -B'
NMEDIT=''
OBJDUMP='objdump'
OBJEXT='o'
OPENMP_FALSE=''
OPENMP_TRUE=''
OTOOL64=''
OTOOL=''
PACKAGE='saga'
PACKAGE_BUGREPORT='BUG-REPORT-ADDRESS'
PACKAGE_NAME='saga'
PACKAGE_STRING='saga 7.2.0'
PACKAGE_TARNAME='saga'
PACKAGE_URL=''
PACKAGE_VERSION='7.2.0'
PATH_SEPARATOR=':'
PG_CONFIG=''
PKG_CONFIG='/usr/bin/pkg-config'
PKG_CONFIG_LIBDIR=''
PKG_CONFIG_PATH=''
POSTGRESQL_CFLAGS=''
POSTGRESQL_LDFLAGS=''
POSTGRESQL_VERSION=''
POW_LIB=''
PYTHON=''
PYTHON_CPPFLAGS=''
PYTHON_EXEC_PREFIX=''
PYTHON_EXTRA_LDFLAGS=''
PYTHON_EXTRA_LIBS=''
PYTHON_LDFLAGS=''
PYTHON_PLATFORM=''
PYTHON_PREFIX=''
PYTHON_SITE_PKG=''
PYTHON_VERSION=''
RANLIB='ranlib'
SAGA_PYTHON_FALSE=''
SAGA_PYTHON_TRUE=''
SED='/bin/sed'
SET_MAKE=''
SHELL='/bin/bash'
STRIP='strip'
SWIG=''
SWIG_LIB=''
SYSTEM_DXFLIB_FALSE=''
SYSTEM_DXFLIB_TRUE=''
SYSTEM_SVM_FALSE=''
SYSTEM_SVM_TRUE=''
TRIANGLE_FALSE=''
TRIANGLE_TRUE=''
VERSION='7.2.0'
WITH_GUI_FALSE=''
WITH_GUI_TRUE=''
WITH_ODBC_FALSE=''
WITH_ODBC_TRUE=''
_libcurl_config=''
ac_ct_AR='ar'
ac_ct_CC='gcc'
ac_ct_CXX='g++'
ac_ct_DUMPBIN=''
am__EXEEXT_FALSE=''
am__EXEEXT_TRUE=''
am__fastdepCC_FALSE='#'
am__fastdepCC_TRUE=''
am__fastdepCXX_FALSE='#'
am__fastdepCXX_TRUE=''
am__include='include'
am__isrc=''
am__leading_dot='.'
am__nodep='_no'
am__quote=''
am__tar='tar --format=ustar -chf - "$$tardir"'
am__untar='tar -xf -'
bindir='${exec_prefix}/bin'
build='x86_64-pc-linux-gnu'
build_alias=''
build_cpu='x86_64'
build_os='linux-gnu'
build_vendor='pc'
datadir='${datarootdir}'
datarootdir='${prefix}/share'
docdir='${datarootdir}/doc/${PACKAGE_TARNAME}'
dvidir='${docdir}'
exec_prefix='NONE'
host='x86_64-pc-linux-gnu'
host_alias=''
host_cpu='x86_64'
host_os='linux-gnu'
host_vendor='pc'
htmldir='${docdir}'
includedir='${prefix}/include'
infodir='${datarootdir}/info'
install_sh='${SHELL} /home/kipling/Programs/EMI_Field/saga-7.2.0/install-sh'
libdir='${exec_prefix}/lib'
libexecdir='${exec_prefix}/libexec'
localedir='${datarootdir}/locale'
localstatedir='${prefix}/var'
mandir='${datarootdir}/man'
mkdir_p='$(MKDIR_P)'
oldincludedir='/usr/include'
pdfdir='${docdir}'
pkgpyexecdir=''
pkgpythondir=''
prefix='NONE'
program_transform_name='s,x,x,'
psdir='${docdir}'
pyexecdir=''
pythondir=''
runstatedir='${localstatedir}/run'
sbindir='${exec_prefix}/sbin'
sharedstatedir='${prefix}/com'
sysconfdir='${prefix}/etc'
target_alias=''

## ----------- ##
## confdefs.h. ##
## ----------- ##

/* confdefs.h */
#define PACKAGE_NAME "saga"
#define PACKAGE_TARNAME "saga"
#define PACKAGE_VERSION "7.2.0"
#define PACKAGE_STRING "saga 7.2.0"
#define PACKAGE_BUGREPORT "BUG-REPORT-ADDRESS"
#define PACKAGE_URL ""
#define PACKAGE "saga"
#define VERSION "7.2.0"
#define STDC_HEADERS 1
#define HAVE_SYS_TYPES_H 1
#define HAVE_SYS_STAT_H 1
#define HAVE_STDLIB_H 1
#define HAVE_STRING_H 1
#define HAVE_MEMORY_H 1
#define HAVE_STRINGS_H 1
#define HAVE_INTTYPES_H 1
#define HAVE_STDINT_H 1
#define HAVE_UNISTD_H 1
#define HAVE_DLFCN_H 1
#define LT_OBJDIR ".libs/"
#define STDC_HEADERS 1
#define HAVE_FLOAT_H 1
#define HAVE_MALLOC_H 1
#define HAVE_MEMORY_H 1
#define HAVE_STDLIB_H 1
#define HAVE_STRING_H 1
#define HAVE_UNISTD_H 1
#define HAVE_WCHAR_H 1
#define HAVE__BOOL 1
#define HAVE_STDBOOL_H 1
#define HAVE_STDLIB_H 1
#define HAVE_MALLOC 1
#define HAVE_STDLIB_H 1
#define HAVE_REALLOC 1
#define LSTAT_FOLLOWS_SLASHED_SYMLINK 1
#define HAVE_VPRINTF 1
#define HAVE_MEMMOVE 1
#define HAVE_MEMSET 1
#define HAVE_MODF 1
#define HAVE_STRCHR 1
#define HAVE_STRDUP 1
#define HAVE_STRERROR 1
#define HAVE_STRRCHR 1
#define HAVE_STRSTR 1
#define HAVE_STRTOL 1

configure: exit 1
